TN:
SF:src/components/Layout/Layout.tsx
FN:4,Layout
FNF:1
FNH:1
FNDA:4,Layout
DA:5,4
LF:1
LH:1
BRF:0
BRH:0
end_of_record
TN:
SF:src/components/Layout/Sidebar.tsx
FN:22,Sidebar
FN:26,(anonymous_1)
FN:32,(anonymous_2)
FN:36,(anonymous_3)
FNF:4
FNH:4
FNDA:4,Sidebar
FNDA:8,(anonymous_1)
FNDA:24,(anonymous_2)
FNDA:24,(anonymous_3)
DA:3,1
DA:23,4
DA:27,8
DA:33,24
DA:37,24
LF:5
LH:5
BRDA:38,0,0,0
BRDA:38,0,1,24
BRF:2
BRH:1
end_of_record
TN:
SF:src/components/ui/ConfirmDialog.tsx
FN:9,ConfirmDialog
FNF:1
FNH:1
FNDA:20,ConfirmDialog
DA:16,20
DA:18,5
LF:2
LH:2
BRDA:16,0,0,15
BRDA:16,0,1,5
BRF:2
BRH:2
end_of_record
TN:
SF:src/components/ui/ErrorMessage.tsx
FN:5,ErrorMessage
FNF:1
FNH:0
FNDA:0,ErrorMessage
DA:6,0
LF:1
LH:0
BRF:0
BRH:0
end_of_record
TN:
SF:src/components/ui/LoadingSpinner.tsx
FN:1,LoadingSpinner
FNF:1
FNH:0
FNDA:0,LoadingSpinner
DA:2,0
LF:1
LH:0
BRF:0
BRH:0
end_of_record
TN:
SF:src/components/ui/StatusBadge.tsx
FN:16,StatusBadge
FNF:1
FNH:1
FNDA:11,StatusBadge
DA:3,3
DA:17,11
DA:18,11
LF:3
LH:3
BRF:0
BRH:0
end_of_record
TN:
SF:src/features/anime-rss/hooks/useAnimeStatus.ts
FN:4,useAnimeStatus
FNF:1
FNH:1
FNDA:4,useAnimeStatus
DA:5,4
LF:1
LH:1
BRF:0
BRH:0
end_of_record
TN:
SF:src/features/anime-rss/hooks/useRss.ts
FN:5,useRss
FN:8,(anonymous_1)
FNF:2
FNH:2
FNDA:2,useRss
FNDA:1,(anonymous_1)
DA:6,2
DA:8,1
LF:2
LH:2
BRF:0
BRH:0
end_of_record
TN:
SF:src/features/anime-rss/hooks/useTorrents.ts
FN:10,useTorrents
FN:24,(anonymous_1)
FNF:2
FNH:1
FNDA:4,useTorrents
FNDA:0,(anonymous_1)
DA:11,4
DA:13,4
DA:19,4
DA:24,4
DA:25,0
DA:28,4
DA:33,4
DA:38,4
DA:43,4
LF:9
LH:8
BRF:0
BRH:0
end_of_record
TN:
SF:src/features/anime-rss/pages/AdminPage.tsx
FN:7,AnimeRssAdminPage
FN:20,(anonymous_1)
FN:53,(anonymous_2)
FN:67,(anonymous_3)
FN:74,(anonymous_4)
FN:91,(anonymous_5)
FN:95,(anonymous_6)
FN:102,(anonymous_7)
FN:106,(anonymous_8)
FNF:9
FNH:3
FNDA:4,AnimeRssAdminPage
FNDA:0,(anonymous_1)
FNDA:3,(anonymous_2)
FNDA:0,(anonymous_3)
FNDA:1,(anonymous_4)
FNDA:0,(anonymous_5)
FNDA:0,(anonymous_6)
FNDA:0,(anonymous_7)
FNDA:0,(anonymous_8)
DA:8,4
DA:10,4
DA:11,4
DA:13,4
DA:20,0
DA:54,3
DA:67,0
DA:74,1
DA:92,0
DA:93,0
DA:95,0
DA:103,0
DA:104,0
DA:106,0
LF:14
LH:6
BRDA:27,0,0,4
BRDA:27,0,1,0
BRDA:29,1,0,4
BRDA:29,1,1,4
BRDA:29,1,2,1
BRDA:33,2,0,4
BRDA:33,2,1,4
BRDA:33,2,2,3
BRDA:92,3,0,0
BRDA:92,3,1,0
BRF:10
BRH:7
end_of_record
TN:
SF:src/features/anime-rss/pages/RSSQueryPage.tsx
FN:6,RSSQueryPage
FN:26,(anonymous_1)
FN:36,(anonymous_2)
FN:50,(anonymous_3)
FNF:4
FNH:2
FNDA:4,RSSQueryPage
FNDA:0,(anonymous_1)
FNDA:0,(anonymous_2)
FNDA:3,(anonymous_3)
DA:7,4
DA:8,4
DA:10,4
DA:15,4
DA:26,0
DA:36,0
DA:51,3
LF:7
LH:5
BRDA:11,0,0,4
BRDA:11,0,1,4
BRDA:12,1,0,4
BRDA:12,1,1,4
BRDA:41,2,0,4
BRDA:41,2,1,0
BRDA:42,3,0,4
BRDA:42,3,1,0
BRDA:44,4,0,4
BRDA:44,4,1,2
BRF:10
BRH:8
end_of_record
TN:
SF:src/features/anime-rss/pages/StatusPage.tsx
FN:4,AnimeRssStatusPage
FNF:1
FNH:1
FNDA:3,AnimeRssStatusPage
DA:5,3
DA:7,3
DA:9,3
LF:3
LH:3
BRDA:7,0,0,1
BRDA:7,0,1,2
BRDA:7,1,0,1
BRDA:7,1,1,1
BRDA:18,2,0,3
BRDA:18,2,1,1
BRF:6
BRH:6
end_of_record
TN:
SF:src/features/anime-rss/services/api.ts
FN:9,fetchAnimeStatus
FN:14,fetchRss
FN:19,fetchTorrents
FN:24,fetchConcludedTorrents
FN:29,stopTorrent
FN:33,deleteTorrent
FN:37,deleteAllTorrents
FNF:7
FNH:7
FNDA:1,fetchAnimeStatus
FNDA:3,fetchRss
FNDA:1,fetchTorrents
FNDA:1,fetchConcludedTorrents
FNDA:1,stopTorrent
FNDA:1,deleteTorrent
FNDA:1,deleteAllTorrents
DA:10,1
DA:11,1
DA:15,3
DA:16,3
DA:20,1
DA:21,1
DA:25,1
DA:26,1
DA:30,1
DA:34,1
DA:38,1
LF:11
LH:11
BRF:0
BRH:0
end_of_record
TN:
SF:src/features/mangas/hooks/useAdminActions.ts
FN:12,useAdminActions
FN:14,(anonymous_1)
FN:18,(anonymous_2)
FN:23,(anonymous_3)
FNF:4
FNH:1
FNDA:3,useAdminActions
FNDA:0,(anonymous_1)
FNDA:0,(anonymous_2)
FNDA:0,(anonymous_3)
DA:13,3
DA:14,0
DA:17,3
DA:18,0
DA:22,3
DA:23,0
DA:26,3
LF:7
LH:4
BRF:0
BRH:0
end_of_record
TN:
SF:src/features/mangas/hooks/useMangas.ts
FN:9,useMangas
FN:11,(anonymous_1)
FN:25,(anonymous_2)
FNF:3
FNH:1
FNDA:4,useMangas
FNDA:0,(anonymous_1)
FNDA:0,(anonymous_2)
DA:10,4
DA:11,4
DA:12,0
DA:14,4
DA:19,4
DA:24,4
DA:25,0
DA:29,4
LF:8
LH:6
BRF:0
BRH:0
end_of_record
TN:
SF:src/features/mangas/hooks/useMangasStatus.ts
FN:4,useMangasStatus
FNF:1
FNH:1
FNDA:2,useMangasStatus
DA:5,2
LF:1
LH:1
BRF:0
BRH:0
end_of_record
TN:
SF:src/features/mangas/hooks/usePlugins.ts
FN:4,usePlugins
FNF:1
FNH:1
FNDA:2,usePlugins
DA:5,2
LF:1
LH:1
BRF:0
BRH:0
end_of_record
TN:
SF:src/features/mangas/pages/AdminPage.tsx
FN:6,MangasAdminPage
FN:16,handleCookieSubmit
FN:22,handleCredentialsSubmit
FN:56,(anonymous_3)
FN:60,(anonymous_4)
FN:70,(anonymous_5)
FN:105,(anonymous_6)
FN:140,(anonymous_7)
FN:155,(anonymous_8)
FNF:9
FNH:2
FNDA:5,MangasAdminPage
FNDA:0,handleCookieSubmit
FNDA:0,handleCredentialsSubmit
FNDA:0,(anonymous_3)
FNDA:5,(anonymous_4)
FNDA:0,(anonymous_5)
FNDA:0,(anonymous_6)
FNDA:0,(anonymous_7)
FNDA:0,(anonymous_8)
DA:7,5
DA:8,5
DA:11,5
DA:12,5
DA:13,5
DA:14,5
DA:17,0
DA:18,0
DA:19,0
DA:23,0
DA:24,0
DA:25,0
DA:26,0
DA:27,0
DA:29,0
DA:31,0
DA:38,5
DA:40,5
DA:56,0
DA:61,5
DA:71,0
DA:105,0
DA:140,0
DA:155,0
LF:24
LH:9
BRDA:18,0,0,0
BRDA:18,0,1,0
BRDA:24,1,0,0
BRDA:24,1,1,0
BRDA:38,2,0,0
BRDA:38,2,1,5
BRDA:71,3,0,0
BRDA:71,3,1,0
BRDA:73,4,0,5
BRDA:73,4,1,0
BRDA:76,5,0,0
BRDA:76,5,1,5
BRDA:80,6,0,5
BRDA:80,6,1,0
BRDA:112,7,0,5
BRDA:112,7,1,0
BRDA:112,7,2,0
BRDA:115,8,0,0
BRDA:115,8,1,5
BRDA:117,9,0,5
BRDA:117,9,1,0
BRDA:162,10,0,5
BRDA:162,10,1,0
BRDA:165,11,0,0
BRDA:165,11,1,5
BRDA:167,12,0,5
BRDA:167,12,1,0
BRF:27
BRH:10
end_of_record
TN:
SF:src/features/mangas/pages/MangasPage.tsx
FN:17,MangasListPage
FN:36,(anonymous_1)
FN:44,handlePluginSelected
FN:45,(anonymous_3)
FN:56,handleMangaFromPluginSelected
FN:57,(anonymous_5)
FN:65,handleAddConfirm
FN:81,(anonymous_7)
FN:95,(anonymous_8)
FN:105,(anonymous_9)
FN:109,(anonymous_10)
FN:125,(anonymous_11)
FN:137,(anonymous_12)
FN:153,(anonymous_13)
FN:156,(anonymous_14)
FN:165,(anonymous_15)
FN:182,(anonymous_16)
FN:185,(anonymous_17)
FN:194,(anonymous_18)
FN:215,(anonymous_19)
FN:216,(anonymous_20)
FN:256,(anonymous_21)
FN:269,(anonymous_22)
FN:273,(anonymous_23)
FNF:24
FNH:7
FNDA:8,MangasListPage
FNDA:16,(anonymous_1)
FNDA:0,handlePluginSelected
FNDA:0,(anonymous_3)
FNDA:0,handleMangaFromPluginSelected
FNDA:0,(anonymous_5)
FNDA:0,handleAddConfirm
FNDA:0,(anonymous_7)
FNDA:1,(anonymous_8)
FNDA:1,(anonymous_9)
FNDA:8,(anonymous_10)
FNDA:14,(anonymous_11)
FNDA:1,(anonymous_12)
FNDA:0,(anonymous_13)
FNDA:0,(anonymous_14)
FNDA:0,(anonymous_15)
FNDA:0,(anonymous_16)
FNDA:0,(anonymous_17)
FNDA:0,(anonymous_18)
FNDA:0,(anonymous_19)
FNDA:0,(anonymous_20)
FNDA:0,(anonymous_21)
FNDA:0,(anonymous_22)
FNDA:0,(anonymous_23)
DA:18,8
DA:19,8
DA:21,8
DA:22,8
DA:23,8
DA:27,8
DA:28,8
DA:33,8
DA:34,8
DA:36,8
DA:37,16
DA:40,16
DA:41,16
DA:45,0
DA:46,0
DA:47,0
DA:48,0
DA:49,0
DA:50,0
DA:52,0
DA:57,0
DA:62,0
DA:66,0
DA:67,0
DA:72,0
DA:73,0
DA:76,8
DA:81,0
DA:95,1
DA:105,1
DA:110,8
DA:126,14
DA:137,1
DA:154,0
DA:156,0
DA:165,0
DA:183,0
DA:185,0
DA:194,0
DA:216,0
DA:256,0
DA:270,0
DA:271,0
DA:273,0
LF:44
LH:19
BRDA:36,0,0,8
BRDA:36,0,1,0
BRDA:40,1,0,16
BRDA:40,1,1,2
BRDA:41,2,0,16
BRDA:41,2,1,15
BRDA:66,3,0,0
BRDA:66,3,1,0
BRDA:66,4,0,0
BRDA:66,4,1,0
BRDA:88,5,0,8
BRDA:88,5,1,8
BRDA:118,6,0,8
BRDA:118,6,1,0
BRDA:120,7,0,8
BRDA:120,7,1,0
BRDA:120,7,2,0
BRDA:148,8,0,8
BRDA:148,8,1,0
BRDA:151,9,0,0
BRDA:151,9,1,0
BRDA:173,10,0,8
BRDA:173,10,1,0
BRDA:178,11,0,0
BRDA:178,11,1,0
BRDA:202,12,0,8
BRDA:202,12,1,0
BRDA:202,12,2,0
BRDA:202,12,3,0
BRDA:250,13,0,0
BRDA:250,13,1,0
BRDA:253,14,0,0
BRDA:253,14,1,0
BRDA:270,15,0,0
BRDA:270,15,1,0
BRF:35
BRH:12
end_of_record
TN:
SF:src/features/mangas/pages/StatusPage.tsx
FN:4,MangasStatusPage
FNF:1
FNH:1
FNDA:3,MangasStatusPage
DA:5,3
DA:6,3
DA:8,3
LF:3
LH:3
BRDA:6,0,0,1
BRDA:6,0,1,2
BRDA:6,1,0,1
BRDA:6,1,1,1
BRDA:17,2,0,3
BRDA:17,2,1,1
BRF:6
BRH:6
end_of_record
TN:
SF:src/features/mangas/services/api.ts
FN:12,fetchMangasStatus
FN:17,fetchPlugins
FN:22,updateCookie
FN:28,updateCredentials
FN:34,updateMangasByPlugin
FN:38,fetchMangaList
FN:43,deleteManga
FN:47,fetchMangasByPlugin
FN:56,addManga
FNF:9
FNH:9
FNDA:1,fetchMangasStatus
FNDA:1,fetchPlugins
FNDA:1,updateCookie
FNDA:1,updateCredentials
FNDA:1,updateMangasByPlugin
FNDA:1,fetchMangaList
FNDA:1,deleteManga
FNDA:1,fetchMangasByPlugin
FNDA:1,addManga
DA:13,1
DA:14,1
DA:18,1
DA:19,1
DA:25,1
DA:31,1
DA:35,1
DA:39,1
DA:40,1
DA:44,1
DA:50,1
DA:53,1
DA:57,1
LF:13
LH:13
BRF:0
BRH:0
end_of_record
TN:
SF:src/lib/http.ts
FNF:0
FNH:0
DA:3,14
DA:8,14
LF:2
LH:2
BRF:0
BRH:0
end_of_record
